<?xml version="1.0" encoding="UTF-8"?>
<!-- Generated by org.testng.reporters.JUnitReportReporter -->
<testsuite skipped="0" hostname="iDeliver36" name="intelyEDtestcases.TC007_Create_New_Achievement_Kinder2" tests="1" failures="0" timestamp="2021-06-21T14:17:27 IST" time="21.397" errors="0">
  <testcase name="TC007_Create_New_Achievement" time="21.397" classname="intelyEDtestcases.TC007_Create_New_Achievement_Kinder2"/>
  <system-out/>
</testsuite> <!-- intelyEDtestcases.TC007_Create_New_Achievement_Kinder2 -->
