<?xml version="1.0" encoding="UTF-8"?>
<!-- Generated by org.testng.reporters.JUnitReportReporter -->
<testsuite skipped="0" hostname="iDeliver36" name="intelyEDtestcases.TC001_Login_Functionality" tests="1" failures="0" timestamp="2021-06-21T14:02:30 IST" time="6.608" errors="0">
  <testcase name="TC001_Login_with_Valid_Credentials" time="6.608" classname="intelyEDtestcases.TC001_Login_Functionality"/>
  <system-out/>
</testsuite> <!-- intelyEDtestcases.TC001_Login_Functionality -->
