<?xml version="1.0" encoding="UTF-8"?>
<!-- Generated by org.testng.reporters.JUnitReportReporter -->
<testsuite skipped="0" hostname="iDeliver36" name="intelyEDtestcases.TC005_Failed_Login_Functionalities_invalid_username" tests="1" failures="0" timestamp="2021-06-21T13:57:05 IST" time="7.478" errors="0">
  <testcase name="TC005_Login_With_Invalid_Username" time="7.478" classname="intelyEDtestcases.TC005_Failed_Login_Functionalities_invalid_username"/>
  <system-out/>
</testsuite> <!-- intelyEDtestcases.TC005_Failed_Login_Functionalities_invalid_username -->
