<?xml version="1.0" encoding="UTF-8"?>
<!-- Generated by org.testng.reporters.JUnitReportReporter -->
<testsuite skipped="0" hostname="iDeliver36" name="intelyEDtestcases.TC009_Create_New_Achievement_Team_Leader" tests="1" failures="0" timestamp="2021-06-21T14:16:38 IST" time="22.793" errors="0">
  <testcase name="TC009_Create_New_Achievement" time="22.793" classname="intelyEDtestcases.TC009_Create_New_Achievement_Team_Leader"/>
  <system-out/>
</testsuite> <!-- intelyEDtestcases.TC009_Create_New_Achievement_Team_Leader -->
