<?xml version="1.0" encoding="UTF-8"?>
<!-- Generated by org.testng.reporters.JUnitReportReporter -->
<testsuite skipped="0" hostname="iDeliver36" name="intelyEDtestcases.TC002_Create_New_Achievement" tests="1" failures="0" timestamp="2021-06-21T14:07:02 IST" time="21.349" errors="0">
  <testcase name="TC002_Create_New_Achievement" time="21.349" classname="intelyEDtestcases.TC002_Create_New_Achievement"/>
  <system-out/>
</testsuite> <!-- intelyEDtestcases.TC002_Create_New_Achievement -->
