<?xml version="1.0" encoding="UTF-8"?>
<!-- Generated by org.testng.reporters.JUnitReportReporter -->
<testsuite skipped="0" hostname="iDeliver36" name="intelyEDtestcases.TC008_Create_New_Achievement_Kinder3" tests="1" failures="0" timestamp="2021-06-21T14:14:24 IST" time="20.944" errors="0">
  <testcase name="TC008_Create_New_Achievement" time="20.944" classname="intelyEDtestcases.TC008_Create_New_Achievement_Kinder3"/>
  <system-out/>
</testsuite> <!-- intelyEDtestcases.TC008_Create_New_Achievement_Kinder3 -->
