<?xml version="1.0" encoding="UTF-8"?>
<!-- Generated by org.testng.reporters.JUnitReportReporter -->
<testsuite skipped="0" hostname="iDeliver36" name="intelyEDtestcases.TC004_Failed_Login_Functionalities" tests="1" failures="0" timestamp="2021-06-21T13:54:09 IST" time="9.069" errors="0">
  <testcase name="TC004_Login_With_Invalid_Password" time="9.069" classname="intelyEDtestcases.TC004_Failed_Login_Functionalities"/>
  <system-out/>
</testsuite> <!-- intelyEDtestcases.TC004_Failed_Login_Functionalities -->
