<?xml version="1.0" encoding="UTF-8"?>
<!-- Generated by org.testng.reporters.JUnitReportReporter -->
<testsuite skipped="0" hostname="iDeliver36" name="intelyEDtestcases.TC006_Failed_Login_Functionalities_Invalid_Username_and_Password" tests="1" failures="0" timestamp="2021-06-21T14:00:48 IST" time="8.584" errors="0">
  <testcase name="TC006_Login_With_Invalid_Username_and_Password" time="8.584" classname="intelyEDtestcases.TC006_Failed_Login_Functionalities_Invalid_Username_and_Password"/>
  <system-out/>
</testsuite> <!-- intelyEDtestcases.TC006_Failed_Login_Functionalities_Invalid_Username_and_Password -->
